  Monster.cpp
  PokemonGame.cpp
C:\Users\hagel\Documents\GitHub\PokemonGame\PokemonGame\PokemonGame.cpp(11,49): error C2653: 'Type': is not a class or namespace name
C:\Users\hagel\Documents\GitHub\PokemonGame\PokemonGame\PokemonGame.cpp(11,55): error C2065: 'Water': undeclared identifier
C:\Users\hagel\Documents\GitHub\PokemonGame\PokemonGame\PokemonGame.cpp(12,48): error C2653: 'Type': is not a class or namespace name
C:\Users\hagel\Documents\GitHub\PokemonGame\PokemonGame\PokemonGame.cpp(12,54): error C2065: 'Water': undeclared identifier
C:\Users\hagel\Documents\GitHub\PokemonGame\PokemonGame\PokemonGame.cpp(13,50): error C2653: 'Type': is not a class or namespace name
C:\Users\hagel\Documents\GitHub\PokemonGame\PokemonGame\PokemonGame.cpp(13,56): error C2065: 'Earth': undeclared identifier
C:\Users\hagel\Documents\GitHub\PokemonGame\PokemonGame\PokemonGame.cpp(14,48): error C2653: 'Type': is not a class or namespace name
C:\Users\hagel\Documents\GitHub\PokemonGame\PokemonGame\PokemonGame.cpp(14,54): error C2065: 'Earth': undeclared identifier
C:\Users\hagel\Documents\GitHub\PokemonGame\PokemonGame\PokemonGame.cpp(15,49): error C2653: 'Type': is not a class or namespace name
C:\Users\hagel\Documents\GitHub\PokemonGame\PokemonGame\PokemonGame.cpp(15,55): error C2065: 'Air': undeclared identifier
C:\Users\hagel\Documents\GitHub\PokemonGame\PokemonGame\PokemonGame.cpp(16,48): error C2653: 'Type': is not a class or namespace name
C:\Users\hagel\Documents\GitHub\PokemonGame\PokemonGame\PokemonGame.cpp(16,54): error C2065: 'Air': undeclared identifier
C:\Users\hagel\Documents\GitHub\PokemonGame\PokemonGame\PokemonGame.cpp(17,50): error C2653: 'Type': is not a class or namespace name
C:\Users\hagel\Documents\GitHub\PokemonGame\PokemonGame\PokemonGame.cpp(17,56): error C2065: 'Fire': undeclared identifier
C:\Users\hagel\Documents\GitHub\PokemonGame\PokemonGame\PokemonGame.cpp(18,49): error C2653: 'Type': is not a class or namespace name
C:\Users\hagel\Documents\GitHub\PokemonGame\PokemonGame\PokemonGame.cpp(18,55): error C2065: 'Fire': undeclared identifier
C:\Users\hagel\Documents\GitHub\PokemonGame\PokemonGame\PokemonGame.cpp(19,47): error C2653: 'Type': is not a class or namespace name
C:\Users\hagel\Documents\GitHub\PokemonGame\PokemonGame\PokemonGame.cpp(19,53): error C2065: 'Ice': undeclared identifier
C:\Users\hagel\Documents\GitHub\PokemonGame\PokemonGame\PokemonGame.cpp(20,50): error C2653: 'Type': is not a class or namespace name
C:\Users\hagel\Documents\GitHub\PokemonGame\PokemonGame\PokemonGame.cpp(20,56): error C2065: 'Ice': undeclared identifier
C:\Users\hagel\Documents\GitHub\PokemonGame\PokemonGame\PokemonGame.cpp(21,49): error C2653: 'Type': is not a class or namespace name
C:\Users\hagel\Documents\GitHub\PokemonGame\PokemonGame\PokemonGame.cpp(21,55): error C2065: 'Steel': undeclared identifier
C:\Users\hagel\Documents\GitHub\PokemonGame\PokemonGame\PokemonGame.cpp(22,51): error C2653: 'Type': is not a class or namespace name
C:\Users\hagel\Documents\GitHub\PokemonGame\PokemonGame\PokemonGame.cpp(22,57): error C2065: 'Steel': undeclared identifier
C:\Users\hagel\Documents\GitHub\PokemonGame\PokemonGame\PokemonGame.cpp(23,52): error C2653: 'Type': is not a class or namespace name
C:\Users\hagel\Documents\GitHub\PokemonGame\PokemonGame\PokemonGame.cpp(23,58): error C2065: 'Steel': undeclared identifier
  Generating Code...
